2023-08-13T00:12:20.878-03:00  INFO 15552 --- [restartedMain] com.memorizeme.MemorizemeApplication     : Starting MemorizemeApplication using Java 17.0.7 with PID 15552 (C:\git\memorizeme\target\classes started by AUEHARA in C:\git\memorizeme)
2023-08-13T00:12:20.880-03:00  INFO 15552 --- [restartedMain] com.memorizeme.MemorizemeApplication     : No active profile set, falling back to 1 default profile: "default"
2023-08-13T00:12:20.923-03:00  INFO 15552 --- [restartedMain] .e.DevToolsPropertyDefaultsPostProcessor : Devtools property defaults active! Set 'spring.devtools.add-properties' to 'false' to disable
2023-08-13T00:12:20.923-03:00  INFO 15552 --- [restartedMain] .e.DevToolsPropertyDefaultsPostProcessor : For additional web related logging consider setting the 'logging.level.web' property to 'DEBUG'
2023-08-13T00:12:21.791-03:00  INFO 15552 --- [restartedMain] .s.d.r.c.RepositoryConfigurationDelegate : Bootstrapping Spring Data JPA repositories in DEFAULT mode.
2023-08-13T00:12:21.842-03:00  INFO 15552 --- [restartedMain] .s.d.r.c.RepositoryConfigurationDelegate : Finished Spring Data repository scanning in 42 ms. Found 1 JPA repository interfaces.
2023-08-13T00:12:22.625-03:00  INFO 15552 --- [restartedMain] o.s.b.w.embedded.tomcat.TomcatWebServer  : Tomcat initialized with port(s): 8080 (http)
2023-08-13T00:12:22.634-03:00  INFO 15552 --- [restartedMain] o.apache.catalina.core.StandardService   : Starting service [Tomcat]
2023-08-13T00:12:22.634-03:00  INFO 15552 --- [restartedMain] o.apache.catalina.core.StandardEngine    : Starting Servlet engine: [Apache Tomcat/10.1.11]
2023-08-13T00:12:22.703-03:00  INFO 15552 --- [restartedMain] o.a.c.c.C.[.[localhost].[/memorizeme]    : Initializing Spring embedded WebApplicationContext
2023-08-13T00:12:22.704-03:00  INFO 15552 --- [restartedMain] w.s.c.ServletWebServerApplicationContext : Root WebApplicationContext: initialization completed in 1780 ms
2023-08-13T00:12:22.857-03:00  INFO 15552 --- [restartedMain] com.zaxxer.hikari.HikariDataSource       : HikariPool-1 - Starting...
2023-08-13T00:12:23.070-03:00  INFO 15552 --- [restartedMain] com.zaxxer.hikari.pool.HikariPool        : HikariPool-1 - Added connection conn0: url=jdbc:h2:file:./data/database user=ROOT
2023-08-13T00:12:23.073-03:00  INFO 15552 --- [restartedMain] com.zaxxer.hikari.HikariDataSource       : HikariPool-1 - Start completed.
2023-08-13T00:12:23.082-03:00  INFO 15552 --- [restartedMain] o.s.b.a.h2.H2ConsoleAutoConfiguration    : H2 console available at '/h2-console'. Database available at 'jdbc:h2:file:./data/database'
2023-08-13T00:12:23.272-03:00  INFO 15552 --- [restartedMain] o.hibernate.jpa.internal.util.LogHelper  : HHH000204: Processing PersistenceUnitInfo [name: default]
2023-08-13T00:12:23.327-03:00  INFO 15552 --- [restartedMain] org.hibernate.Version                    : HHH000412: Hibernate ORM core version 6.2.6.Final
2023-08-13T00:12:23.329-03:00  INFO 15552 --- [restartedMain] org.hibernate.cfg.Environment            : HHH000406: Using bytecode reflection optimizer
2023-08-13T00:12:23.455-03:00  INFO 15552 --- [restartedMain] o.h.b.i.BytecodeProviderInitiator        : HHH000021: Bytecode provider name : bytebuddy
2023-08-13T00:12:23.581-03:00  INFO 15552 --- [restartedMain] o.s.o.j.p.SpringPersistenceUnitInfo      : No LoadTimeWeaver setup: ignoring JPA class transformer
2023-08-13T00:12:23.798-03:00  INFO 15552 --- [restartedMain] o.h.b.i.BytecodeProviderInitiator        : HHH000021: Bytecode provider name : bytebuddy
2023-08-13T00:12:24.350-03:00  INFO 15552 --- [restartedMain] o.h.e.t.j.p.i.JtaPlatformInitiator       : HHH000490: Using JtaPlatform implementation: [org.hibernate.engine.transaction.jta.platform.internal.NoJtaPlatform]
2023-08-13T00:12:24.416-03:00  INFO 15552 --- [restartedMain] j.LocalContainerEntityManagerFactoryBean : Initialized JPA EntityManagerFactory for persistence unit 'default'
2023-08-13T00:12:24.955-03:00  WARN 15552 --- [restartedMain] JpaBaseConfiguration$JpaWebConfiguration : spring.jpa.open-in-view is enabled by default. Therefore, database queries may be performed during view rendering. Explicitly configure spring.jpa.open-in-view to disable this warning
2023-08-13T00:12:25.801-03:00  INFO 15552 --- [restartedMain] o.s.b.d.a.OptionalLiveReloadServer       : LiveReload server is running on port 35729
2023-08-13T00:12:25.809-03:00  INFO 15552 --- [restartedMain] o.s.b.a.e.web.EndpointLinksResolver      : Exposing 14 endpoint(s) beneath base path '/actuator'
2023-08-13T00:12:25.885-03:00  INFO 15552 --- [restartedMain] o.s.b.w.embedded.tomcat.TomcatWebServer  : Tomcat started on port(s): 8080 (http) with context path '/memorizeme'
2023-08-13T00:12:25.899-03:00  INFO 15552 --- [restartedMain] com.memorizeme.MemorizemeApplication     : Started MemorizemeApplication in 5.372 seconds (process running for 5.785)
2023-08-13T00:12:27.712-03:00  INFO 15552 --- [http-nio-8080-exec-1] o.a.c.c.C.[.[localhost].[/memorizeme]    : Initializing Spring DispatcherServlet 'dispatcherServlet'
2023-08-13T00:12:27.712-03:00  INFO 15552 --- [http-nio-8080-exec-1] o.s.web.servlet.DispatcherServlet        : Initializing Servlet 'dispatcherServlet'
2023-08-13T00:12:27.713-03:00  INFO 15552 --- [http-nio-8080-exec-1] o.s.web.servlet.DispatcherServlet        : Completed initialization in 1 ms
2023-08-13T00:12:27.826-03:00  INFO 15552 --- [http-nio-8080-exec-1] com.memorizeme.MemorizemeAspect          : 
2023-08-13T00:12:27.826-03:00  INFO 15552 --- [http-nio-8080-exec-1] com.memorizeme.MemorizemeAspect          : ============================================================================================================================
2023-08-13T00:12:27.826-03:00  INFO 15552 --- [http-nio-8080-exec-1] com.memorizeme.MemorizemeAspect          : DESCRIPTION: public org.springframework.http.ResponseEntity com.memorizeme.card.CardController.save(com.memorizeme.card.CardDTO)
2023-08-13T00:12:27.826-03:00  INFO 15552 --- [http-nio-8080-exec-1] com.memorizeme.MemorizemeAspect          : ENDPOINT...: POST - /memorizeme/v1/cards
2023-08-13T00:12:27.829-03:00  INFO 15552 --- [http-nio-8080-exec-1] com.memorizeme.MemorizemeAspect          : REQUEST....: {"word":"GDHDAGGSFHSDA","translation":"CASFGFGFGFA"}
2023-08-13T00:12:27.922-03:00  INFO 15552 --- [http-nio-8080-exec-1] com.memorizeme.MemorizemeAspect          : RESPONSE...: <409 CONFLICT Conflict,This word already exist!,[]>
2023-08-13T00:12:37.958-03:00  INFO 15552 --- [http-nio-8080-exec-3] com.memorizeme.MemorizemeAspect          : 
2023-08-13T00:12:37.959-03:00  INFO 15552 --- [http-nio-8080-exec-3] com.memorizeme.MemorizemeAspect          : ============================================================================================================================
2023-08-13T00:12:37.959-03:00  INFO 15552 --- [http-nio-8080-exec-3] com.memorizeme.MemorizemeAspect          : DESCRIPTION: public org.springframework.http.ResponseEntity com.memorizeme.card.CardController.get(java.lang.Long)
2023-08-13T00:12:37.959-03:00  INFO 15552 --- [http-nio-8080-exec-3] com.memorizeme.MemorizemeAspect          : ENDPOINT...: GET - /memorizeme/v1/cards/25
2023-08-13T00:12:37.959-03:00  INFO 15552 --- [http-nio-8080-exec-3] com.memorizeme.MemorizemeAspect          : REQUEST....: 25
2023-08-13T00:12:37.982-03:00  INFO 15552 --- [http-nio-8080-exec-3] com.memorizeme.MemorizemeAspect          : RESPONSE...: <200 OK OK,Optional[Card(id=25, word=HODRDFDSE, translation=CASA, registrationDate=2023-08-08)],[]>
2023-08-13T00:12:40.694-03:00  INFO 15552 --- [SpringApplicationShutdownHook] j.LocalContainerEntityManagerFactoryBean : Closing JPA EntityManagerFactory for persistence unit 'default'
2023-08-13T00:12:40.697-03:00  INFO 15552 --- [SpringApplicationShutdownHook] com.zaxxer.hikari.HikariDataSource       : HikariPool-1 - Shutdown initiated...
2023-08-13T00:12:40.699-03:00  INFO 15552 --- [SpringApplicationShutdownHook] com.zaxxer.hikari.HikariDataSource       : HikariPool-1 - Shutdown completed.
